0 info it worked if it ends with ok
1 verbose cli [ '/usr/bin/nodejs',
1 verbose cli   '/usr/bin/npm',
1 verbose cli   'install',
1 verbose cli   'angular-file',
1 verbose cli   '-upload',
1 verbose cli   '--save' ]
2 info using npm@1.4.21
3 info using node@v0.10.25
4 verbose config Skipping project config: /home/goparties/.npmrc. (matches userconfig)
5 warn package.json videogular-themes-default@1.4.1 No repository field.
6 verbose cache add [ 'angular-file', null ]
7 verbose cache add name=undefined spec="angular-file" args=["angular-file",null]
8 verbose parsed url { protocol: null,
8 verbose parsed url   slashes: null,
8 verbose parsed url   auth: null,
8 verbose parsed url   host: null,
8 verbose parsed url   port: null,
8 verbose parsed url   hostname: null,
8 verbose parsed url   hash: null,
8 verbose parsed url   search: null,
8 verbose parsed url   query: null,
8 verbose parsed url   pathname: 'angular-file',
8 verbose parsed url   path: 'angular-file',
8 verbose parsed url   href: 'angular-file' }
9 silly lockFile 113f0134-angular-file angular-file
10 verbose lock angular-file /home/goparties/.npm/113f0134-angular-file.lock
11 silly lockFile 113f0134-angular-file angular-file
12 silly lockFile 113f0134-angular-file angular-file
13 verbose addNamed [ 'angular-file', '' ]
14 verbose addNamed [ null, '*' ]
15 silly lockFile 7c5eda0a-angular-file angular-file@
16 verbose lock angular-file@ /home/goparties/.npm/7c5eda0a-angular-file.lock
17 silly addNameRange { name: 'angular-file', range: '*', hasData: false }
18 verbose request where is /angular-file
19 verbose request registry https://registry.npmjs.org/
20 verbose request id 2490ca1d4eecce9a
21 verbose url raw /angular-file
22 verbose url resolving [ 'https://registry.npmjs.org/', './angular-file' ]
23 verbose url resolved https://registry.npmjs.org/angular-file
24 verbose request where is https://registry.npmjs.org/angular-file
25 info trying registry request attempt 1 at 18:53:15
26 http GET https://registry.npmjs.org/angular-file
27 http 404 https://registry.npmjs.org/angular-file
28 silly registry.get cb [ 404,
28 silly registry.get   { server: 'CouchDB/1.5.0 (Erlang OTP/R16B03)',
28 silly registry.get     etag: '"6FOY25FC34QFDWZU1TCD2IXKQ"',
28 silly registry.get     'content-type': 'application/json',
28 silly registry.get     'cache-control': 'max-age=0',
28 silly registry.get     'content-length': '423',
28 silly registry.get     'accept-ranges': 'bytes',
28 silly registry.get     date: 'Mon, 13 Jun 2016 13:23:16 GMT',
28 silly registry.get     via: '1.1 varnish',
28 silly registry.get     age: '0',
28 silly registry.get     connection: 'keep-alive',
28 silly registry.get     'x-served-by': 'cache-sin6921-SIN',
28 silly registry.get     'x-cache': 'MISS',
28 silly registry.get     'x-cache-hits': '0',
28 silly registry.get     'x-timer': 'S1465824195.997340,VS0,VE250',
28 silly registry.get     vary: 'Accept-Encoding' } ]
29 silly lockFile 7c5eda0a-angular-file angular-file@
30 silly lockFile 7c5eda0a-angular-file angular-file@
31 error 404 Not Found
31 error 404
31 error 404 'angular-file' is not in the npm registry.
31 error 404 You should bug the author to publish it
31 error 404
31 error 404 Note that you can also install from a
31 error 404 tarball, folder, or http url, or git url.
32 error System Linux 4.2.0-36-generic
33 error command "/usr/bin/nodejs" "/usr/bin/npm" "install" "angular-file" "-upload" "--save"
34 error cwd /home/goparties/Desktop/album-upload
35 error node -v v0.10.25
36 error npm -v 1.4.21
37 error code E404
38 verbose exit [ 1, true ]
